


ARM Macro Assembler    Page 1 


    1 00000000                 AREA             LARGESMALL,CODE,READONLY
    2 00000000         ENTRY
    3 00000000         START
    4 00000000 E3A01005        MOV              R1,#05
    5 00000004 E2411001        SUB              R1,R1,#01
    6 00000008 E1A04001 
                       OUTER   MOV              R4, R1
    7 0000000C E3A00902        LDR              R0,=0X00008000
    8 00000010 E5902000 
                       BACK    LDR              R2,[R0]
    9 00000014 E5B03004        LDR              R3,[R0,#04]!
   10 00000018 E1520003        CMP              R2,R3
   11 0000001C 8A000001        BHI              NEXT
   12 00000020 E5802000        STR              R2,[R0]
   13 00000024 E5003004        STR              R3,[R0,#-04]
   14 00000028 E2544001 
                       NEXT    SUBS             R4,R4,#01
   15 0000002C 1AFFFFF7        BNE              BACK
   16 00000030 E2511001        SUBS             R1,R1,#01
   17 00000034 1AFFFFF3        BNE              OUTER
   18 00000038 E3A00902        LDR              R0,=0X00008000
   19 0000003C E5906000        LDR              R6,[R0]
   20 00000040 E5907010        LDR              R7, [R0,#0X10]
   21 00000044 EAFFFFFE 
                       AGAIN   B                AGAIN
   22 00000048                 END
Command Line: --debug --xref --cpu=ARM9E --bi --apcs=interwork --depend=.\large
small.d -o.\largesmall.o -IC:\Keil\ARM\RV31\INC -IC:\Keil\ARM\CMSIS\Include --p
redefine="__EVAL SETA 1" --list=.\largesmall.lst largesmall.asm



ARM Macro Assembler    Page 1 Alphabetic symbol ordering
Relocatable symbols

AGAIN 00000044

Symbol: AGAIN
   Definitions
      At line 21 in file largesmall.asm
   Uses
      At line 21 in file largesmall.asm
Comment: AGAIN used once
BACK 00000010

Symbol: BACK
   Definitions
      At line 8 in file largesmall.asm
   Uses
      At line 15 in file largesmall.asm
Comment: BACK used once
ENTRY 00000000

Symbol: ENTRY
   Definitions
      At line 2 in file largesmall.asm
   Uses
      None
Comment: ENTRY unused
LARGESMALL 00000000

Symbol: LARGESMALL
   Definitions
      At line 1 in file largesmall.asm
   Uses
      None
Comment: LARGESMALL unused
NEXT 00000028

Symbol: NEXT
   Definitions
      At line 14 in file largesmall.asm
   Uses
      At line 11 in file largesmall.asm
Comment: NEXT used once
OUTER 00000008

Symbol: OUTER
   Definitions
      At line 6 in file largesmall.asm
   Uses
      At line 17 in file largesmall.asm
Comment: OUTER used once
START 00000000

Symbol: START
   Definitions
      At line 3 in file largesmall.asm
   Uses
      None
Comment: START unused
7 symbols
338 symbols in table
